<?xml version="1.0" encoding="UTF-8"?>
<testsuite name="com.gitlab.techschool.pcbook.service.LaptopServerTest" tests="1" skipped="0" failures="0" errors="0" timestamp="2023-06-07T09:26:03" hostname="Kors-mac.local" time="0.134">
  <properties/>
  <testcase name="createLaptopWithAValidID()" classname="com.gitlab.techschool.pcbook.service.LaptopServerTest" time="0.134"/>
  <system-out><![CDATA[]]></system-out>
  <system-err><![CDATA[giu 07, 2023 11:26:03 AM com.gitlab.techschool.pcbook.service.LaptopServer start
INFORMAZIONI: server started on port 0
giu 07, 2023 11:26:03 AM com.gitlab.techschool.pcbook.service.LaptopService createLaptop
INFORMAZIONI: got a create-laptop request with ID: f7491b31-80e6-4507-8d2c-595226900208
giu 07, 2023 11:26:03 AM com.gitlab.techschool.pcbook.service.LaptopService createLaptop
INFORMAZIONI: saved laptop with ID: f7491b31-80e6-4507-8d2c-595226900208
]]></system-err>
</testsuite>
